<component name="libraryTable">
  <library name="junit-4.10">
    <CLASSES>
      <root url="jar://C:/eclipse-java-kepler-SR1-win32-x86_64/Libs/junit-4.10.jar!/" />
    </CLASSES>
    <JAVADOC />
    <SOURCES />
  </library>
</component>